<?xml version="1.0" encoding="UTF-8"?>
<testsuite xmlns:xsi="http://www.w3.org/2001/XMLSchema-instance" xsi:noNamespaceSchemaLocation="https://maven.apache.org/surefire/maven-surefire-plugin/xsd/surefire-test-report.xsd" version="3.0.2" name="com.alperen.flightplanner.FlightPlannerApplicationTests" time="7.631" tests="1" errors="0" skipped="0" failures="0">
  <properties>
[...]
</properties>
  <testcase name="contextLoads" classname="com.alperen.flightplanner.FlightPlannerApplicationTests" time="0.486">
    <system-out><![CDATA[02:44:57.174 [main] INFO org.springframework.test.context.support.AnnotationConfigContextLoaderUtils -- Could not detect default configuration classes for test class [com.alperen.flightplanner.FlightPlannerApplicationTests]: FlightPlannerApplicationTests does not declare any static, non-private, non-final, nested classes annotated with @Configuration.
02:44:57.296 [main] INFO org.springframework.boot.test.context.SpringBootTestContextBootstrapper -- Found @SpringBootConfiguration com.alperen.flightplanner.FlightPlannerApplication for test class com.alperen.flightplanner.FlightPlannerApplicationTests

____ _    _ ____ _  _ ___ ___  _    ____ _  _ _  _ ____ ____
|___ |    | | __ |__|  |  |__] |    |__| |\ | |\ | |___ |__/
|    |___ | |__] |  |  |  |    |___ |  | | \| | \| |___ |  \

 
Powered by Spring Boot 3.4.2

2025-02-01T02:44:57.868+03:00  INFO 16440 --- [FlightPlanner] [           main] c.a.f.FlightPlannerApplicationTests      : Starting FlightPlannerApplicationTests using Java 17.0.3 with PID 16440 (started by Alperen in C:\Users\Alperen\Desktop\flightPlanner)
2025-02-01T02:44:57.869+03:00  INFO 16440 --- [FlightPlanner] [           main] c.a.f.FlightPlannerApplicationTests      : No active profile set, falling back to 1 default profile: "default"
2025-02-01T02:44:58.784+03:00  INFO 16440 --- [FlightPlanner] [           main] .s.d.r.c.RepositoryConfigurationDelegate : Bootstrapping Spring Data JPA repositories in DEFAULT mode.
2025-02-01T02:44:58.861+03:00  INFO 16440 --- [FlightPlanner] [           main] .s.d.r.c.RepositoryConfigurationDelegate : Finished Spring Data repository scanning in 67 ms. Found 3 JPA repository interfaces.
2025-02-01T02:44:59.438+03:00  INFO 16440 --- [FlightPlanner] [           main] o.hibernate.jpa.internal.util.LogHelper  : HHH000204: Processing PersistenceUnitInfo [name: default]
2025-02-01T02:44:59.507+03:00  INFO 16440 --- [FlightPlanner] [           main] org.hibernate.Version                    : HHH000412: Hibernate ORM core version 6.6.5.Final
2025-02-01T02:44:59.552+03:00  INFO 16440 --- [FlightPlanner] [           main] o.h.c.internal.RegionFactoryInitiator    : HHH000026: Second-level cache disabled
2025-02-01T02:44:59.918+03:00  INFO 16440 --- [FlightPlanner] [           main] o.s.o.j.p.SpringPersistenceUnitInfo      : No LoadTimeWeaver setup: ignoring JPA class transformer
2025-02-01T02:44:59.954+03:00  INFO 16440 --- [FlightPlanner] [           main] com.zaxxer.hikari.HikariDataSource       : HikariPool-1 - Starting...
2025-02-01T02:45:00.280+03:00  INFO 16440 --- [FlightPlanner] [           main] com.zaxxer.hikari.pool.HikariPool        : HikariPool-1 - Added connection com.mysql.cj.jdbc.ConnectionImpl@33430fc
2025-02-01T02:45:00.282+03:00  INFO 16440 --- [FlightPlanner] [           main] com.zaxxer.hikari.HikariDataSource       : HikariPool-1 - Start completed.
2025-02-01T02:45:00.370+03:00  INFO 16440 --- [FlightPlanner] [           main] org.hibernate.orm.connections.pooling    : HHH10001005: Database info:
	Database JDBC URL [Connecting through datasource 'HikariDataSource (HikariPool-1)']
	Database driver: undefined/unknown
	Database version: 8.0.25
	Autocommit mode: undefined/unknown
	Isolation level: undefined/unknown
	Minimum pool size: undefined/unknown
	Maximum pool size: undefined/unknown
2025-02-01T02:45:01.441+03:00  INFO 16440 --- [FlightPlanner] [           main] o.h.e.t.j.p.i.JtaPlatformInitiator       : HHH000489: No JTA platform available (set 'hibernate.transaction.jta.platform' to enable JTA platform integration)
2025-02-01T02:45:01.499+03:00  INFO 16440 --- [FlightPlanner] [           main] j.LocalContainerEntityManagerFactoryBean : Initialized JPA EntityManagerFactory for persistence unit 'default'
2025-02-01T02:45:01.864+03:00  INFO 16440 --- [FlightPlanner] [           main] o.s.d.j.r.query.QueryEnhancerFactory     : Hibernate is in classpath; If applicable, HQL parser will be used.
Hibernate: select u1_0.id,u1_0.city,u1_0.name,u1_0.password,u1_0.surname,u1_0.username from user u1_0 where u1_0.username=?
Hibernate: select r1_0.user_id,r1_1.id,r1_1.name from user_roles r1_0 join role r1_1 on r1_1.id=r1_0.roles_id where r1_0.user_id=?
2025-02-01T02:45:03.177+03:00  WARN 16440 --- [FlightPlanner] [           main] JpaBaseConfiguration$JpaWebConfiguration : spring.jpa.open-in-view is enabled by default. Therefore, database queries may be performed during view rendering. Explicitly configure spring.jpa.open-in-view to disable this warning
2025-02-01T02:45:03.195+03:00  WARN 16440 --- [FlightPlanner] [           main] r$InitializeUserDetailsManagerConfigurer : Found 2 UserDetailsService beans, with names [userService, userDetailsService]. Global Authentication Manager will not use a UserDetailsService for username/password login. Consider publishing a single UserDetailsService bean.
Hibernate: select u1_0.id,u1_0.city,u1_0.name,u1_0.password,u1_0.surname,u1_0.username from user u1_0 where u1_0.username=?
Hibernate: select r1_0.user_id,r1_1.id,r1_1.name from user_roles r1_0 join role r1_1 on r1_1.id=r1_0.roles_id where r1_0.user_id=?
2025-02-01T02:45:04.101+03:00  INFO 16440 --- [FlightPlanner] [           main] c.a.f.FlightPlannerApplicationTests      : Started FlightPlannerApplicationTests in 6.556 seconds (process running for 7.898)
]]></system-out>
  </testcase>
</testsuite>